<?xml version="1.0" encoding="UTF-8"?>
<testng-results ignored="0" total="1" passed="1" failed="0" skipped="0">
  <reporter-output>
  </reporter-output>
  <suite started-at="2025-08-20T15:31:22 IST" name="Default suite" finished-at="2025-08-20T15:31:25 IST" duration-ms="2841">
    <groups>
    </groups>
    <test started-at="2025-08-20T15:31:22 IST" name="Default test" finished-at="2025-08-20T15:31:25 IST" duration-ms="2841">
      <class name="ExplorationTest.FirstTest">
        <test-method is-config="true" signature="setupReport()[pri:0, instance:ExplorationTest.FirstTest@7a8c8dcf]" started-at="2025-08-20T15:31:22 IST" name="setupReport" finished-at="2025-08-20T15:31:22 IST" duration-ms="190" status="PASS">
          <reporter-output>
          </reporter-output>
        </test-method> <!-- setupReport -->
        <test-method is-config="true" signature="setUp()[pri:0, instance:ExplorationTest.FirstTest@7a8c8dcf]" started-at="2025-08-20T15:31:22 IST" name="setUp" finished-at="2025-08-20T15:31:24 IST" duration-ms="1930" status="PASS">
          <reporter-output>
          </reporter-output>
        </test-method> <!-- setUp -->
        <test-method signature="SeleniumSubmit()[pri:0, instance:ExplorationTest.FirstTest@7a8c8dcf]" started-at="2025-08-20T15:31:24 IST" name="SeleniumSubmit" finished-at="2025-08-20T15:31:25 IST" duration-ms="738" status="PASS">
          <reporter-output>
          </reporter-output>
        </test-method> <!-- SeleniumSubmit -->
        <test-method is-config="true" signature="tearDown(org.testng.ITestResult)[pri:0, instance:ExplorationTest.FirstTest@7a8c8dcf]" started-at="2025-08-20T15:31:25 IST" name="tearDown" finished-at="2025-08-20T15:31:25 IST" duration-ms="147" status="PASS">
          <params>
            <param index="0">
              <value>
                <![CDATA[[TestResult name=SeleniumSubmit status=SUCCESS method=FirstTest.SeleniumSubmit()[pri:0, instance:ExplorationTest.FirstTest@7a8c8dcf] output={null}]]]>
              </value>
            </param>
          </params>
          <reporter-output>
          </reporter-output>
        </test-method> <!-- tearDown -->
        <test-method is-config="true" signature="teardownReport()[pri:0, instance:ExplorationTest.FirstTest@7a8c8dcf]" started-at="2025-08-20T15:31:25 IST" name="teardownReport" finished-at="2025-08-20T15:31:25 IST" duration-ms="225" status="PASS">
          <reporter-output>
          </reporter-output>
        </test-method> <!-- teardownReport -->
      </class> <!-- ExplorationTest.FirstTest -->
    </test> <!-- Default test -->
  </suite> <!-- Default suite -->
</testng-results>
